0 info it worked if it ends with ok
1 verbose cli [ '/usr/bin/nodejs', '/usr/bin/npm', 'run', 'dev' ]
2 info using npm@3.5.2
3 info using node@v4.2.6
4 verbose run-script [ 'predev', 'dev', 'postdev' ]
5 info lifecycle tp6-frameworkjs@1.0.0~predev: tp6-frameworkjs@1.0.0
6 silly lifecycle tp6-frameworkjs@1.0.0~predev: no script for predev, continuing
7 info lifecycle tp6-frameworkjs@1.0.0~dev: tp6-frameworkjs@1.0.0
8 verbose lifecycle tp6-frameworkjs@1.0.0~dev: unsafe-perm in lifecycle true
9 verbose lifecycle tp6-frameworkjs@1.0.0~dev: PATH: /usr/share/npm/bin/node-gyp-bin:/home/m2eserv/lepretre/Documents/TAC/FrameWork JS/TP6/node_modules/.bin:/local/lepretre/.local/bin:/local/lepretre/node_modules/.bin:/usr/local/sbin:/usr/local/bin:/usr/sbin:/usr/bin:/sbin:/bin:/opt/oracle/instantclient_11_2:/opt/oracle/sqldeveloper/sqldeveloper/bin
10 verbose lifecycle tp6-frameworkjs@1.0.0~dev: CWD: /home/m2eserv/lepretre/Documents/TAC/FrameWork JS/TP6
11 silly lifecycle tp6-frameworkjs@1.0.0~dev: Args: [ '-c', 'lite-server' ]
12 info lifecycle tp6-frameworkjs@1.0.0~dev: Failed to exec dev script
13 verbose stack Error: tp6-frameworkjs@1.0.0 dev: `lite-server`
13 verbose stack spawn ENOENT
13 verbose stack     at ChildProcess.<anonymous> (/usr/share/npm/lib/utils/spawn.js:17:16)
13 verbose stack     at emitTwo (events.js:87:13)
13 verbose stack     at ChildProcess.emit (events.js:172:7)
13 verbose stack     at maybeClose (internal/child_process.js:821:16)
13 verbose stack     at Process.ChildProcess._handle.onexit (internal/child_process.js:211:5)
14 verbose pkgid tp6-frameworkjs@1.0.0
15 verbose cwd /home/m2eserv/lepretre/Documents/TAC/FrameWork JS/TP6
16 error Linux 4.4.0-38-generic
17 error argv "/usr/bin/nodejs" "/usr/bin/npm" "run" "dev"
18 error node v4.2.6
19 error npm  v3.5.2
20 error file sh
21 error code ELIFECYCLE
22 error errno ENOENT
23 error syscall spawn
24 error tp6-frameworkjs@1.0.0 dev: `lite-server`
24 error spawn ENOENT
25 error Failed at the tp6-frameworkjs@1.0.0 dev script 'lite-server'.
25 error Make sure you have the latest version of node.js and npm installed.
25 error If you do, this is most likely a problem with the tp6-frameworkjs package,
25 error not with npm itself.
25 error Tell the author that this fails on your system:
25 error     lite-server
25 error You can get information on how to open an issue for this project with:
25 error     npm bugs tp6-frameworkjs
25 error Or if that isn't available, you can get their info via:
25 error     npm owner ls tp6-frameworkjs
25 error There is likely additional logging output above.
26 verbose exit [ 1, true ]
